Invalid Context= "Apps" line for icon theme:  "/usr/share/icons/Mist/22x22/apps/"
Invalid Context= "Apps" line for icon theme:  "/usr/share/icons/Mist/16x16/apps/"
Invalid Context= "Apps" line for icon theme:  "/usr/share/icons/Mist/32x32/apps/"
Invalid Context= "Apps" line for icon theme:  "/usr/share/icons/Mist/48x48/apps/"
Invalid Context= "Apps" line for icon theme:  "/usr/share/icons/Mist/24x24/apps/"
Invalid Context= "Apps" line for icon theme:  "/usr/share/icons/Mist/256x256/apps/"
ICE default IO error handler doing an exit(), pid = 25461, errno = 11
Invalid Context= "Apps" line for icon theme:  "/usr/share/icons/Mist/22x22/apps/"
Invalid Context= "Apps" line for icon theme:  "/usr/share/icons/Mist/16x16/apps/"
Invalid Context= "Apps" line for icon theme:  "/usr/share/icons/Mist/32x32/apps/"
Invalid Context= "Apps" line for icon theme:  "/usr/share/icons/Mist/48x48/apps/"
Invalid Context= "Apps" line for icon theme:  "/usr/share/icons/Mist/24x24/apps/"
Invalid Context= "Apps" line for icon theme:  "/usr/share/icons/Mist/256x256/apps/"
Gtk-Message: GtkDialog mapped without a transient parent. This is discouraged.
Gtk-Message: GtkDialog mapped without a transient parent. This is discouraged.
shell did not close, sending SIGHUP
Invalid Context= "Apps" line for icon theme:  "/usr/share/icons/Mist/22x22/apps/"
Invalid Context= "Apps" line for icon theme:  "/usr/share/icons/Mist/16x16/apps/"
Invalid Context= "Apps" line for icon theme:  "/usr/share/icons/Mist/32x32/apps/"
Invalid Context= "Apps" line for icon theme:  "/usr/share/icons/Mist/48x48/apps/"
Invalid Context= "Apps" line for icon theme:  "/usr/share/icons/Mist/24x24/apps/"
Invalid Context= "Apps" line for icon theme:  "/usr/share/icons/Mist/256x256/apps/"
/bin/scrollkeeper-get-content-list: line 21: 22925 Segmentation fault      (core dumped) `dirname $0`/rarian-sk-get-cl $1 scrollkeeper_cl.xml
shell did not close, sending SIGHUP
Invalid Context= "Apps" line for icon theme:  "/usr/share/icons/Mist/22x22/apps/"
Invalid Context= "Apps" line for icon theme:  "/usr/share/icons/Mist/16x16/apps/"
Invalid Context= "Apps" line for icon theme:  "/usr/share/icons/Mist/32x32/apps/"
Invalid Context= "Apps" line for icon theme:  "/usr/share/icons/Mist/48x48/apps/"
Invalid Context= "Apps" line for icon theme:  "/usr/share/icons/Mist/24x24/apps/"
Invalid Context= "Apps" line for icon theme:  "/usr/share/icons/Mist/256x256/apps/"
shell did not close, sending SIGHUP
Invalid Context= "Apps" line for icon theme:  "/usr/share/icons/Mist/22x22/apps/"
Invalid Context= "Apps" line for icon theme:  "/usr/share/icons/Mist/16x16/apps/"
Invalid Context= "Apps" line for icon theme:  "/usr/share/icons/Mist/32x32/apps/"
Invalid Context= "Apps" line for icon theme:  "/usr/share/icons/Mist/48x48/apps/"
Invalid Context= "Apps" line for icon theme:  "/usr/share/icons/Mist/24x24/apps/"
Invalid Context= "Apps" line for icon theme:  "/usr/share/icons/Mist/256x256/apps/"
shell did not close, sending SIGHUP
Invalid Context= "Apps" line for icon theme:  "/usr/share/icons/Mist/22x22/apps/"
Invalid Context= "Apps" line for icon theme:  "/usr/share/icons/Mist/16x16/apps/"
Invalid Context= "Apps" line for icon theme:  "/usr/share/icons/Mist/32x32/apps/"
Invalid Context= "Apps" line for icon theme:  "/usr/share/icons/Mist/48x48/apps/"
Invalid Context= "Apps" line for icon theme:  "/usr/share/icons/Mist/24x24/apps/"
Invalid Context= "Apps" line for icon theme:  "/usr/share/icons/Mist/256x256/apps/"
Gtk-Message: GtkDialog mapped without a transient parent. This is discouraged.
Gtk-Message: GtkDialog mapped without a transient parent. This is discouraged.
Gtk-Message: GtkDialog mapped without a transient parent. This is discouraged.
Gtk-Message: GtkDialog mapped without a transient parent. This is discouraged.
Gtk-Message: GtkDialog mapped without a transient parent. This is discouraged.
Gtk-Message: GtkDialog mapped without a transient parent. This is discouraged.
Gtk-Message: GtkDialog mapped without a transient parent. This is discouraged.
Gtk-Message: GtkDialog mapped without a transient parent. This is discouraged.
Gtk-Message: GtkDialog mapped without a transient parent. This is discouraged.
